<?xml version="1.0" encoding="UTF-8"?>
<robot generator="Robot 7.4.1 (Python 3.13.5 on win32)" generated="2026-02-23T09:18:25.273476" rpa="false" schemaversion="5">
<suite id="s1" name="SauceDemo Feladatok Nagy Tamas" source="C:\Users\NagyTamas\Documents\GitHub\SauceDemo_Feladatok_Nagy_Tamas">
<suite id="s1-s1" name="Cart" source="C:\Users\NagyTamas\Documents\GitHub\SauceDemo_Feladatok_Nagy_Tamas\Cart.robot">
<test id="s1-s1-t1" name="Main page termék árának összehasonlítása a kosárban lévő változatával" line="66">
<kw name="Login To Saucedemo mainpage">
<kw name="Open Browser" owner="Selenium2Library">
<msg time="2026-02-23T09:18:25.576355" level="INFO">Opening browser 'firefox' to base url 'https://www.saucedemo.com/'.</msg>
<arg>https://www.saucedemo.com/</arg>
<arg>firefox</arg>
<doc>Opens a new browser instance to the optional ``url``.</doc>
<status status="PASS" start="2026-02-23T09:18:25.576028" elapsed="6.353849"/>
</kw>
<kw name="Input Text" owner="Selenium2Library">
<msg time="2026-02-23T09:18:31.931083" level="INFO">Typing text 'standard_user' into text field 'id=user-name'.</msg>
<arg>id=user-name</arg>
<arg>standard_user</arg>
<doc>Types the given ``text`` into the text field identified by ``locator``.</doc>
<status status="PASS" start="2026-02-23T09:18:31.930261" elapsed="0.102841"/>
</kw>
<kw name="Input Password" owner="Selenium2Library">
<msg time="2026-02-23T09:18:32.033816" level="INFO">Typing password into text field 'id=password'.</msg>
<msg time="2026-02-23T09:18:32.039846" level="INFO">Temporally setting log level to: NONE</msg>
<arg>id=password</arg>
<arg>secret_sauce</arg>
<doc>Types the given password into the text field identified by ``locator``.</doc>
<status status="PASS" start="2026-02-23T09:18:32.033365" elapsed="0.033887"/>
</kw>
<kw name="Click Button" owner="Selenium2Library">
<msg time="2026-02-23T09:18:32.067943" level="INFO">Clicking button 'id=login-button'.</msg>
<arg>id=login-button</arg>
<doc>Clicks the button identified by ``locator``.</doc>
<status status="PASS" start="2026-02-23T09:18:32.067496" elapsed="0.113545"/>
</kw>
<status status="PASS" start="2026-02-23T09:18:25.575202" elapsed="6.606080"/>
</kw>
<kw name="Sleep" owner="BuiltIn">
<msg time="2026-02-23T09:18:33.182988" level="INFO">Slept 1 second.</msg>
<arg>1s</arg>
<doc>Pauses the test executed for the given time.</doc>
<status status="PASS" start="2026-02-23T09:18:32.182013" elapsed="1.001320"/>
</kw>
<kw name="Get Text" owner="Selenium2Library">
<msg time="2026-02-23T09:18:33.199399" level="INFO">${main_page_price} = $29.99</msg>
<var>${main_page_price}</var>
<arg>//*[@id="inventory_container"]/div/div[1]/div[2]/div[2]/div</arg>
<doc>Returns the text value of the element identified by ``locator``.</doc>
<status status="PASS" start="2026-02-23T09:18:33.183859" elapsed="0.015793"/>
</kw>
<kw name="Add items to cart">
<kw name="Click Element" owner="Selenium2Library">
<msg time="2026-02-23T09:18:33.201376" level="INFO">Clicking element '//*[@id="add-to-cart-sauce-labs-backpack"]'.</msg>
<arg>//*[@id="add-to-cart-sauce-labs-backpack"]</arg>
<doc>Click the element identified by ``locator``.</doc>
<status status="PASS" start="2026-02-23T09:18:33.200965" elapsed="0.065007"/>
</kw>
<kw name="Sleep" owner="BuiltIn">
<msg time="2026-02-23T09:18:34.266790" level="INFO">Slept 1 second.</msg>
<arg>1s</arg>
<doc>Pauses the test executed for the given time.</doc>
<status status="PASS" start="2026-02-23T09:18:33.266172" elapsed="1.000900"/>
</kw>
<kw name="Click Element" owner="Selenium2Library">
<msg time="2026-02-23T09:18:34.267826" level="INFO">Clicking element '//*[@id="add-to-cart-sauce-labs-bike-light"]'.</msg>
<arg>//*[@id="add-to-cart-sauce-labs-bike-light"]</arg>
<doc>Click the element identified by ``locator``.</doc>
<status status="PASS" start="2026-02-23T09:18:34.267269" elapsed="0.060837"/>
</kw>
<kw name="Sleep" owner="BuiltIn">
<msg time="2026-02-23T09:18:35.329191" level="INFO">Slept 1 second.</msg>
<arg>1s</arg>
<doc>Pauses the test executed for the given time.</doc>
<status status="PASS" start="2026-02-23T09:18:34.328379" elapsed="1.001639"/>
</kw>
<kw name="Click Element" owner="Selenium2Library">
<msg time="2026-02-23T09:18:35.332624" level="INFO">Clicking element '//*[@id="add-to-cart-sauce-labs-bolt-t-shirt"]'.</msg>
<arg>//*[@id="add-to-cart-sauce-labs-bolt-t-shirt"]</arg>
<doc>Click the element identified by ``locator``.</doc>
<status status="PASS" start="2026-02-23T09:18:35.330789" elapsed="0.083733"/>
</kw>
<kw name="Sleep" owner="BuiltIn">
<msg time="2026-02-23T09:18:36.416728" level="INFO">Slept 1 second.</msg>
<arg>1s</arg>
<doc>Pauses the test executed for the given time.</doc>
<status status="PASS" start="2026-02-23T09:18:35.414990" elapsed="1.002444"/>
</kw>
<status status="PASS" start="2026-02-23T09:18:33.200389" elapsed="3.217492"/>
</kw>
<kw name="Sleep" owner="BuiltIn">
<msg time="2026-02-23T09:18:37.420812" level="INFO">Slept 1 second.</msg>
<arg>1s</arg>
<doc>Pauses the test executed for the given time.</doc>
<status status="PASS" start="2026-02-23T09:18:36.418864" elapsed="1.002886"/>
</kw>
<kw name="Click Element" owner="Selenium2Library">
<msg time="2026-02-23T09:18:37.424594" level="INFO">Clicking element '//*[@id="shopping_cart_container"]/a'.</msg>
<arg>//*[@id="shopping_cart_container"]/a</arg>
<doc>Click the element identified by ``locator``.</doc>
<status status="PASS" start="2026-02-23T09:18:37.423306" elapsed="0.087880"/>
</kw>
<kw name="Sleep" owner="BuiltIn">
<msg time="2026-02-23T09:18:38.512286" level="INFO">Slept 1 second.</msg>
<arg>1s</arg>
<doc>Pauses the test executed for the given time.</doc>
<status status="PASS" start="2026-02-23T09:18:37.511568" elapsed="1.000972"/>
</kw>
<kw name="Get Text" owner="Selenium2Library">
<msg time="2026-02-23T09:18:38.522220" level="INFO">${cart_price} = $29.99</msg>
<var>${cart_price}</var>
<arg>//*[@id="cart_contents_container"]/div/div[1]/div[3]/div[2]/div[2]/div</arg>
<doc>Returns the text value of the element identified by ``locator``.</doc>
<status status="PASS" start="2026-02-23T09:18:38.512922" elapsed="0.009460"/>
</kw>
<kw name="Should Be Equal As Strings" owner="BuiltIn">
<arg>${main_page_price}</arg>
<arg>${cart_price}</arg>
<doc>Fails if objects are unequal after converting them to strings.</doc>
<status status="PASS" start="2026-02-23T09:18:38.522761" elapsed="0.000529"/>
</kw>
<kw name="Sleep" owner="BuiltIn">
<msg time="2026-02-23T09:18:39.524350" level="INFO">Slept 1 second.</msg>
<arg>1s</arg>
<doc>Pauses the test executed for the given time.</doc>
<status status="PASS" start="2026-02-23T09:18:38.523815" elapsed="1.001044"/>
</kw>
<kw name="Close Browser" owner="Selenium2Library">
<doc>Closes the current browser.</doc>
<status status="PASS" start="2026-02-23T09:18:39.525711" elapsed="2.927169"/>
</kw>
<status status="PASS" start="2026-02-23T09:18:25.571814" elapsed="16.881471"/>
</test>
<status status="PASS" start="2026-02-23T09:18:25.345629" elapsed="17.112405"/>
</suite>
<status status="PASS" start="2026-02-23T09:18:25.279221" elapsed="17.182789"/>
</suite>
<statistics>
<total>
<stat pass="1" fail="0" skip="0">All Tests</stat>
</total>
<tag>
</tag>
<suite>
<stat name="SauceDemo Feladatok Nagy Tamas" id="s1" pass="1" fail="0" skip="0">SauceDemo Feladatok Nagy Tamas</stat>
<stat name="Cart" id="s1-s1" pass="1" fail="0" skip="0">SauceDemo Feladatok Nagy Tamas.Cart</stat>
</suite>
</statistics>
<errors>
</errors>
</robot>
